A new data.csv file has been created

Sensor node 37 has opened a new connection

Sensor node 21 has opened a new connection

Sensor node 142 has opened a new connection

Sensor node 15 has opened a new connection

Data insertion from sensor 37 succeeded

Data insertion from sensor 15 succeeded

Data insertion from sensor 21 succeeded

Data insertion from sensor 142 succeeded

Sensor node 132 has opened a new connection

Data insertion from sensor 132 succeeded

Data insertion from sensor 15 succeeded

Data insertion from sensor 15 succeeded

Data insertion from sensor 37 succeeded

Data insertion from sensor 142 succeeded

Data insertion from sensor 21 succeeded

Data insertion from sensor 15 succeeded

Data insertion from sensor 132 succeeded

Data insertion from sensor 37 succeeded

Data insertion from sensor 15 succeeded

Data insertion from sensor 15 succeeded

Data insertion from sensor 21 succeeded

Data insertion from sensor 142 succeeded

Data insertion from sensor 37 succeeded

Data insertion from sensor 15 succeeded

Data insertion from sensor 132 succeeded

Data insertion from sensor 15 succeeded

Data insertion from sensor 37 succeeded

Data insertion from sensor 15 succeeded

Data insertion from sensor 21 succeeded

Data insertion from sensor 142 succeeded

Data insertion from sensor 15 succeeded

Data insertion from sensor 132 succeeded

Data insertion from sensor 37 succeeded

Data insertion from sensor 15 succeeded

Data insertion from sensor 15 succeeded

Sensor node 21 has closed the connection

Sensor node 142 has closed the connection

Sensor node 132 has closed the connection

Sensor node 37 has closed the connection

Sensor node 15 has closed the connection

A new data.csv file has been closed

A new data.csv file has been created

Sensor node 21 has opened a new connection

Sensor node 15 has opened a new connection

Data insertion from sensor 21 succeeded

Data insertion from sensor 15 succeeded

Sensor node 37 has opened a new connection

Sensor node 142 has opened a new connection

Data insertion from sensor 37 succeeded

Data insertion from sensor 142 succeeded

Sensor node 132 has opened a new connection

Data insertion from sensor 132 succeeded

Data insertion from sensor 15 succeeded

Data insertion from sensor 15 succeeded

Data insertion from sensor 37 succeeded

Data insertion from sensor 21 succeeded

Data insertion from sensor 142 succeeded

Data insertion from sensor 15 succeeded

Data insertion from sensor 132 succeeded

Data insertion from sensor 37 succeeded

Data insertion from sensor 15 succeeded

Data insertion from sensor 15 succeeded

Data insertion from sensor 21 succeeded

Data insertion from sensor 142 succeeded

Data insertion from sensor 37 succeeded

Data insertion from sensor 132 succeeded

Data insertion from sensor 15 succeeded

Data insertion from sensor 15 succeeded

Data insertion from sensor 37 succeeded

Data insertion from sensor 15 succeeded

Data insertion from sensor 21 succeeded

Data insertion from sensor 142 succeeded

Data insertion from sensor 132 succeeded

Data insertion from sensor 15 succeeded

Data insertion from sensor 37 succeeded

Data insertion from sensor 15 succeeded

Data insertion from sensor 15 succeeded

Sensor node 37 has closed the connection

Sensor node 132 has closed the connection

Sensor node 142 has closed the connection

Sensor node 21 has closed the connection

Sensor node 15 has closed the connection

A new data.csv file has been closed

