0 - Fri Nov 22 10:52:40 2024 - Data file opened.
1 - Fri Nov 22 10:52:41 2024 - Data inserted.
2 - Fri Nov 22 10:52:41 2024 - Data inserted.
3 - Fri Nov 22 10:52:41 2024 - Data inserted.
4 - Fri Nov 22 10:52:41 2024 - Data inserted.
5 - Fri Nov 22 10:52:41 2024 - Data inserted.
6 - Fri Nov 22 10:52:41 2024 - Data inserted.
7 - Fri Nov 22 10:52:41 2024 - Data inserted.
8 - Fri Nov 22 10:52:41 2024 - Data inserted.
9 - Fri Nov 22 10:52:41 2024 - Data inserted.
10 - Fri Nov 22 10:52:41 2024 - Data inserted.
11 - Fri Nov 22 10:52:41 2024 - Data inserted.
12 - Fri Nov 22 10:52:41 2024 - Data inserted.
13 - Fri Nov 22 10:52:41 2024 - Data inserted.
14 - Fri Nov 22 10:52:41 2024 - Data inserted.
15 - Fri Nov 22 10:52:41 2024 - Data inserted.
16 - Fri Nov 22 10:52:41 2024 - Data inserted.
17 - Fri Nov 22 10:52:46 2024 - Data inserted.
18 - Fri Nov 22 10:52:46 2024 - Data file closed.
0 - Fri Nov 22 10:53:00 2024 - Data file opened.
1 - Fri Nov 22 10:53:01 2024 - Data inserted.
2 - Fri Nov 22 10:53:01 2024 - Data inserted.
3 - Fri Nov 22 10:53:01 2024 - Data inserted.
4 - Fri Nov 22 10:53:01 2024 - Data inserted.
5 - Fri Nov 22 10:53:01 2024 - Data inserted.
6 - Fri Nov 22 10:53:01 2024 - Data inserted.
7 - Fri Nov 22 10:53:01 2024 - Data inserted.
8 - Fri Nov 22 10:53:01 2024 - Data inserted.
9 - Fri Nov 22 10:53:01 2024 - Data inserted.
10 - Fri Nov 22 10:53:01 2024 - Data inserted.
11 - Fri Nov 22 10:53:01 2024 - Data inserted.
12 - Fri Nov 22 10:53:01 2024 - Data inserted.
13 - Fri Nov 22 10:53:01 2024 - Data inserted.
14 - Fri Nov 22 10:53:01 2024 - Data 
15 - Fri Nov 22 10:53:01 2024 - inserted.
16 - Fri Nov 22 10:53:01 2024 - Data inserted.
17 - Fri Nov 22 10:53:01 2024 - Data inserted.
18 - Fri Nov 22 10:53:06 2024 - Data inserted.
19 - Fri Nov 22 10:53:06 2024 - Data file closed.
